{"/Users/somoscoders/Documents/GitHub/FizzBuzz/fizzbuzz.js": {"path":"/Users/somoscoders/Documents/GitHub/FizzBuzz/fizzbuzz.js","all":false,"statementMap":{"0":{"start":{"line":1,"column":0},"end":{"line":1,"column":21}},"1":{"start":{"line":2,"column":0},"end":{"line":2,"column":15}},"2":{"start":{"line":3,"column":0},"end":{"line":3,"column":13}},"3":{"start":{"line":4,"column":0},"end":{"line":4,"column":55}},"4":{"start":{"line":5,"column":0},"end":{"line":5,"column":22}},"5":{"start":{"line":6,"column":0},"end":{"line":6,"column":24}},"6":{"start":{"line":7,"column":0},"end":{"line":7,"column":18}},"7":{"start":{"line":8,"column":0},"end":{"line":8,"column":55}},"8":{"start":{"line":9,"column":0},"end":{"line":9,"column":18}},"9":{"start":{"line":10,"column":0},"end":{"line":10,"column":22}},"10":{"start":{"line":11,"column":0},"end":{"line":11,"column":19}},"11":{"start":{"line":12,"column":0},"end":{"line":12,"column":13}},"12":{"start":{"line":13,"column":0},"end":{"line":13,"column":1}},"13":{"start":{"line":14,"column":0},"end":{"line":14,"column":0}},"14":{"start":{"line":15,"column":0},"end":{"line":15,"column":0}},"15":{"start":{"line":16,"column":0},"end":{"line":16,"column":0}},"16":{"start":{"line":17,"column":0},"end":{"line":17,"column":26}},"17":{"start":{"line":18,"column":0},"end":{"line":18,"column":0}},"18":{"start":{"line":19,"column":0},"end":{"line":19,"column":20}},"19":{"start":{"line":20,"column":0},"end":{"line":20,"column":2}},"20":{"start":{"line":21,"column":0},"end":{"line":21,"column":31}},"21":{"start":{"line":22,"column":0},"end":{"line":22,"column":20}},"22":{"start":{"line":23,"column":0},"end":{"line":23,"column":18}},"23":{"start":{"line":24,"column":0},"end":{"line":24,"column":17}},"24":{"start":{"line":25,"column":0},"end":{"line":25,"column":41}},"25":{"start":{"line":26,"column":0},"end":{"line":26,"column":38}},"26":{"start":{"line":27,"column":0},"end":{"line":27,"column":47}},"27":{"start":{"line":28,"column":0},"end":{"line":28,"column":47}},"28":{"start":{"line":29,"column":0},"end":{"line":29,"column":31}},"29":{"start":{"line":30,"column":0},"end":{"line":30,"column":53}},"30":{"start":{"line":31,"column":0},"end":{"line":31,"column":34}},"31":{"start":{"line":32,"column":0},"end":{"line":32,"column":35}},"32":{"start":{"line":33,"column":0},"end":{"line":33,"column":36}},"33":{"start":{"line":34,"column":0},"end":{"line":34,"column":7}},"34":{"start":{"line":35,"column":0},"end":{"line":35,"column":1}},"35":{"start":{"line":36,"column":0},"end":{"line":36,"column":1}},"36":{"start":{"line":37,"column":0},"end":{"line":37,"column":0}},"37":{"start":{"line":38,"column":0},"end":{"line":38,"column":29}},"38":{"start":{"line":39,"column":0},"end":{"line":39,"column":0}},"39":{"start":{"line":40,"column":0},"end":{"line":40,"column":38}},"40":{"start":{"line":41,"column":0},"end":{"line":41,"column":25}},"41":{"start":{"line":42,"column":0},"end":{"line":42,"column":47}},"42":{"start":{"line":43,"column":0},"end":{"line":43,"column":27}},"43":{"start":{"line":44,"column":0},"end":{"line":44,"column":10}},"44":{"start":{"line":45,"column":0},"end":{"line":45,"column":4}},"45":{"start":{"line":46,"column":0},"end":{"line":46,"column":14}},"46":{"start":{"line":47,"column":0},"end":{"line":47,"column":0}},"47":{"start":{"line":48,"column":0},"end":{"line":48,"column":0}},"48":{"start":{"line":49,"column":0},"end":{"line":49,"column":83}},"49":{"start":{"line":50,"column":0},"end":{"line":50,"column":2}},"50":{"start":{"line":51,"column":0},"end":{"line":51,"column":56}},"51":{"start":{"line":52,"column":0},"end":{"line":52,"column":44}},"52":{"start":{"line":53,"column":0},"end":{"line":53,"column":44}},"53":{"start":{"line":54,"column":0},"end":{"line":54,"column":58}},"54":{"start":{"line":55,"column":0},"end":{"line":55,"column":30}},"55":{"start":{"line":56,"column":0},"end":{"line":56,"column":38}},"56":{"start":{"line":57,"column":0},"end":{"line":57,"column":38}},"57":{"start":{"line":58,"column":0},"end":{"line":58,"column":38}},"58":{"start":{"line":59,"column":0},"end":{"line":59,"column":39}},"59":{"start":{"line":60,"column":0},"end":{"line":60,"column":40}},"60":{"start":{"line":61,"column":0},"end":{"line":61,"column":12}},"61":{"start":{"line":62,"column":0},"end":{"line":62,"column":6}},"62":{"start":{"line":63,"column":0},"end":{"line":63,"column":0}},"63":{"start":{"line":64,"column":0},"end":{"line":64,"column":3}},"64":{"start":{"line":65,"column":0},"end":{"line":65,"column":0}},"65":{"start":{"line":66,"column":0},"end":{"line":66,"column":30}},"66":{"start":{"line":67,"column":0},"end":{"line":67,"column":0}},"67":{"start":{"line":68,"column":0},"end":{"line":68,"column":34}},"68":{"start":{"line":69,"column":0},"end":{"line":69,"column":0}},"69":{"start":{"line":70,"column":0},"end":{"line":70,"column":0}},"70":{"start":{"line":71,"column":0},"end":{"line":71,"column":0}},"71":{"start":{"line":72,"column":0},"end":{"line":72,"column":67}},"72":{"start":{"line":73,"column":0},"end":{"line":73,"column":49}}},"s":{"0":18,"1":18,"2":17,"3":17,"4":13,"5":13,"6":8,"7":8,"8":3,"9":3,"10":1,"11":18,"12":2,"13":1,"14":1,"15":1,"16":1,"17":1,"18":0,"19":0,"20":0,"21":0,"22":0,"23":0,"24":0,"25":0,"26":0,"27":0,"28":0,"29":0,"30":0,"31":0,"32":0,"33":0,"34":0,"35":0,"36":1,"37":1,"38":1,"39":1,"40":1,"41":1,"42":1,"43":1,"44":1,"45":1,"46":1,"47":1,"48":1,"49":1,"50":1,"51":1,"52":1,"53":1,"54":1,"55":1,"56":1,"57":1,"58":1,"59":1,"60":1,"61":1,"62":1,"63":1,"64":1,"65":1,"66":1,"67":1,"68":1,"69":1,"70":1,"71":1,"72":1},"branchMap":{"0":{"type":"branch","line":1,"loc":{"start":{"line":1,"column":0},"end":{"line":13,"column":1}},"locations":[{"start":{"line":1,"column":0},"end":{"line":13,"column":1}}]},"1":{"type":"branch","line":2,"loc":{"start":{"line":2,"column":14},"end":{"line":4,"column":8}},"locations":[{"start":{"line":2,"column":14},"end":{"line":4,"column":8}}]},"2":{"type":"branch","line":2,"loc":{"start":{"line":2,"column":2},"end":{"line":12,"column":4}},"locations":[{"start":{"line":2,"column":2},"end":{"line":12,"column":4}}]},"3":{"type":"branch","line":4,"loc":{"start":{"line":4,"column":12},"end":{"line":4,"column":27}},"locations":[{"start":{"line":4,"column":12},"end":{"line":4,"column":27}}]},"4":{"type":"branch","line":4,"loc":{"start":{"line":4,"column":54},"end":{"line":6,"column":8}},"locations":[{"start":{"line":4,"column":54},"end":{"line":6,"column":8}}]},"5":{"type":"branch","line":4,"loc":{"start":{"line":4,"column":8},"end":{"line":12,"column":4}},"locations":[{"start":{"line":4,"column":8},"end":{"line":12,"column":4}}]},"6":{"type":"branch","line":6,"loc":{"start":{"line":6,"column":23},"end":{"line":8,"column":9}},"locations":[{"start":{"line":6,"column":23},"end":{"line":8,"column":9}}]},"7":{"type":"branch","line":6,"loc":{"start":{"line":6,"column":8},"end":{"line":12,"column":4}},"locations":[{"start":{"line":6,"column":8},"end":{"line":12,"column":4}}]},"8":{"type":"branch","line":8,"loc":{"start":{"line":8,"column":13},"end":{"line":8,"column":27}},"locations":[{"start":{"line":8,"column":13},"end":{"line":8,"column":27}}]},"9":{"type":"branch","line":8,"loc":{"start":{"line":8,"column":54},"end":{"line":10,"column":9}},"locations":[{"start":{"line":8,"column":54},"end":{"line":10,"column":9}}]},"10":{"type":"branch","line":8,"loc":{"start":{"line":8,"column":9},"end":{"line":12,"column":4}},"locations":[{"start":{"line":8,"column":9},"end":{"line":12,"column":4}}]},"11":{"type":"branch","line":10,"loc":{"start":{"line":10,"column":21},"end":{"line":12,"column":4}},"locations":[{"start":{"line":10,"column":21},"end":{"line":12,"column":4}}]},"12":{"type":"branch","line":12,"loc":{"start":{"line":12,"column":3},"end":{"line":13,"column":1}},"locations":[{"start":{"line":12,"column":3},"end":{"line":13,"column":1}}]}},"b":{"0":[18],"1":[1],"2":[17],"3":[14],"4":[4],"5":[13],"6":[5],"7":[8],"8":[5],"9":[5],"10":[3],"11":[1],"12":[2]},"fnMap":{"0":{"name":"fizzbuzz","decl":{"start":{"line":1,"column":0},"end":{"line":13,"column":1}},"loc":{"start":{"line":1,"column":0},"end":{"line":13,"column":1}},"line":1},"1":{"name":"fizzBuzz","decl":{"start":{"line":19,"column":0},"end":{"line":36,"column":1}},"loc":{"start":{"line":19,"column":0},"end":{"line":36,"column":1}},"line":19}},"f":{"0":18,"1":0}}
}
