TN:
SF:fizzbuzz.js
FN:1,fizzbuzz
FN:34,fizzBuzz
FN:57,fizzBuzzPersonal
FNF:3
FNH:1
FNDA:13,fizzbuzz
FNDA:0,fizzBuzz
FNDA:0,fizzBuzzPersonal
DA:1,13
DA:2,13
DA:3,12
DA:4,12
DA:5,9
DA:6,9
DA:7,6
DA:8,6
DA:9,3
DA:10,3
DA:11,1
DA:12,13
DA:13,2
DA:14,1
DA:15,1
DA:16,1
DA:17,1
DA:18,1
DA:19,1
DA:20,1
DA:21,1
DA:22,1
DA:23,1
DA:24,1
DA:25,1
DA:26,1
DA:27,1
DA:28,1
DA:29,1
DA:30,1
DA:31,1
DA:32,1
DA:33,1
DA:34,0
DA:35,0
DA:36,0
DA:37,0
DA:38,0
DA:39,0
DA:40,0
DA:41,0
DA:42,0
DA:43,0
DA:44,0
DA:45,0
DA:46,0
DA:47,0
DA:48,0
DA:49,0
DA:50,0
DA:51,0
DA:52,1
DA:53,1
DA:54,1
DA:55,1
DA:56,1
DA:57,0
DA:58,0
DA:59,0
DA:60,0
DA:61,0
DA:62,0
DA:63,0
DA:64,0
DA:65,0
DA:66,0
DA:67,0
DA:68,0
DA:69,0
DA:70,0
DA:71,0
DA:72,0
DA:73,0
DA:74,1
DA:75,1
DA:76,1
DA:77,1
DA:78,1
DA:79,1
DA:80,1
LF:80
LH:45
BRDA:1,0,0,13
BRDA:2,1,0,1
BRDA:2,2,0,12
BRDA:4,3,0,3
BRDA:4,4,0,9
BRDA:6,5,0,3
BRDA:6,6,0,6
BRDA:8,7,0,3
BRDA:10,8,0,1
BRDA:12,9,0,2
BRF:10
BRH:10
end_of_record
