TN:
SF:fizzbuzz.js
FN:1,fizzbuzz
FN:19,fizzBuzz
FNF:2
FNH:1
FNDA:18,fizzbuzz
FNDA:0,fizzBuzz
DA:1,18
DA:2,18
DA:3,17
DA:4,17
DA:5,13
DA:6,13
DA:7,8
DA:8,8
DA:9,3
DA:10,3
DA:11,1
DA:12,18
DA:13,2
DA:14,1
DA:15,1
DA:16,1
DA:17,1
DA:18,1
DA:19,0
DA:20,0
DA:21,0
DA:22,0
DA:23,0
DA:24,0
DA:25,0
DA:26,0
DA:27,0
DA:28,0
DA:29,0
DA:30,0
DA:31,0
DA:32,0
DA:33,0
DA:34,0
DA:35,0
DA:36,0
DA:37,1
DA:38,1
DA:39,1
DA:40,1
DA:41,1
DA:42,1
DA:43,1
DA:44,1
DA:45,1
DA:46,1
DA:47,1
DA:48,1
DA:49,1
DA:50,1
DA:51,1
DA:52,1
DA:53,1
DA:54,1
DA:55,1
DA:56,1
DA:57,1
DA:58,1
DA:59,1
DA:60,1
DA:61,1
DA:62,1
DA:63,1
DA:64,1
DA:65,1
DA:66,1
DA:67,1
DA:68,1
DA:69,1
DA:70,1
DA:71,1
DA:72,1
DA:73,1
LF:73
LH:55
BRDA:1,0,0,18
BRDA:2,1,0,1
BRDA:2,2,0,17
BRDA:4,3,0,14
BRDA:4,4,0,4
BRDA:4,5,0,13
BRDA:6,6,0,5
BRDA:6,7,0,8
BRDA:8,8,0,5
BRDA:8,9,0,5
BRDA:8,10,0,3
BRDA:10,11,0,1
BRDA:12,12,0,2
BRF:13
BRH:13
end_of_record
